<?xml version="1.0" encoding="UTF-8"?>
<testsuite name="_interface._static._method.InterfaceStaticMethodTest" tests="1" skipped="0" failures="0" errors="0" timestamp="2022-12-07T21:07:01" hostname="EDWINP-MENDEZ" time="0.011">
  <properties/>
  <testcase name="methodTest()" classname="_interface._static._method.InterfaceStaticMethodTest" time="0.011"/>
  <system-out><![CDATA[]]></system-out>
  <system-err><![CDATA[]]></system-err>
</testsuite>
